<?xml version="1.0" encoding="UTF-8"?>
<!-- Generated by org.testng.reporters.JUnitReportReporter -->
<testsuite hostname="kairosHW0423" failures="0" tests="4" name="api.test.Test_User2" time="7.218" errors="0" timestamp="2024-05-21T15:49:46 IST" skipped="0">
  <testcase classname="api.test.Test_User2" name="test_createUser" time="2.882"/>
  <testcase classname="api.test.Test_User2" name="test_getUser" time="1.170"/>
  <testcase classname="api.test.Test_User2" name="test_putUser" time="2.142"/>
  <testcase classname="api.test.Test_User2" name="test_deleteUser" time="1.024"/>
</testsuite> <!-- api.test.Test_User2 -->
