<?xml version="1.0" encoding="UTF-8"?>
<!-- Generated by org.testng.reporters.JUnitReportReporter -->
<testsuite hostname="kairosHW0423" failures="0" tests="4" name="api.test.UserMultipleData" time="0.015" errors="0" timestamp="2024-05-20T17:50:13 IST" skipped="0">
  <testcase classname="api.test.UserMultipleData" name="multipleTestdata" time="0.001"/>
  <testcase classname="api.test.UserMultipleData" name="multipleTestdata" time="0.002"/>
  <testcase classname="api.test.UserMultipleData" name="multipleTestdata" time="0.002"/>
  <testcase classname="api.test.UserMultipleData" name="multipleTestdata" time="0.010"/>
</testsuite> <!-- api.test.UserMultipleData -->
