<?xml version="1.0" encoding="UTF-8"?>
<!-- Generated by org.testng.reporters.JUnitReportReporter -->
<testsuite hostname="kairosHW0423" failures="0" tests="1" name="api.test.TestClass" time="0.828" errors="0" timestamp="2024-05-20T18:08:36 IST" skipped="0">
  <testcase classname="api.test.TestClass" name="usernameData" time="0.828"/>
</testsuite> <!-- api.test.TestClass -->
