<?xml version="1.0" encoding="UTF-8"?>
<!-- Generated by org.testng.reporters.JUnitReportReporter -->
<testsuite hostname="kairosHW0423" failures="0" tests="12" name="api.test.Test_UserwithMutlipleData" time="14.934" errors="0" timestamp="2024-05-21T14:04:06 IST" skipped="0">
  <testcase classname="api.test.Test_UserwithMutlipleData" name="multipleTestdata" time="1.122"/>
  <testcase classname="api.test.Test_UserwithMutlipleData" name="multipleTestdata" time="2.804"/>
  <testcase classname="api.test.Test_UserwithMutlipleData" name="multipleTestdata" time="1.165"/>
  <testcase classname="api.test.Test_UserwithMutlipleData" name="multipleTestdata" time="1.126"/>
  <testcase classname="api.test.Test_UserwithMutlipleData" name="test_getUser" time="1.038"/>
  <testcase classname="api.test.Test_UserwithMutlipleData" name="test_getUser" time="1.116"/>
  <testcase classname="api.test.Test_UserwithMutlipleData" name="test_getUser" time="1.059"/>
  <testcase classname="api.test.Test_UserwithMutlipleData" name="test_getUser" time="1.142"/>
  <testcase classname="api.test.Test_UserwithMutlipleData" name="test_deleteUser" time="1.091"/>
  <testcase classname="api.test.Test_UserwithMutlipleData" name="test_deleteUser" time="1.126"/>
  <testcase classname="api.test.Test_UserwithMutlipleData" name="test_deleteUser" time="1.123"/>
  <testcase classname="api.test.Test_UserwithMutlipleData" name="test_deleteUser" time="1.022"/>
</testsuite> <!-- api.test.Test_UserwithMutlipleData -->
